c:\users\admin\desktop\fs project\fsproj\fsproj\debug\vc142.pdb
c:\users\admin\desktop\fs project\fsproj\fsproj\debug\.netframework,version=v4.6.1.assemblyattributes.obj
c:\users\admin\desktop\fs project\fsproj\fsproj\debug\myform2.obj
c:\users\admin\desktop\fs project\fsproj\fsproj\debug\myform1.obj
c:\users\admin\desktop\fs project\fsproj\fsproj\debug\myform.obj
c:\users\admin\desktop\fs project\fsproj\fsproj\debug\fsproj.myform.resources
c:\users\admin\desktop\fs project\fsproj\fsproj\debug\fsproj.myform1.resources
c:\users\admin\desktop\fs project\fsproj\fsproj\debug\fsproj.myform2.resources
c:\users\admin\desktop\fs project\fsproj\debug\fsproj.exe
c:\users\admin\desktop\fs project\fsproj\debug\fsproj.pdb
c:\users\admin\desktop\fs project\fsproj\fsproj\debug\myform3.obj
c:\users\admin\desktop\fs project\fsproj\fsproj\debug\myform4.obj
c:\users\admin\desktop\fs project\fsproj\fsproj\debug\myform5.obj
c:\users\admin\desktop\fs project\fsproj\fsproj\debug\fsproj.tlog\cl.command.1.tlog
c:\users\admin\desktop\fs project\fsproj\fsproj\debug\fsproj.tlog\cl.read.1.tlog
c:\users\admin\desktop\fs project\fsproj\fsproj\debug\fsproj.tlog\cl.write.1.tlog
c:\users\admin\desktop\fs project\fsproj\fsproj\debug\fsproj.tlog\fsproj.write.1u.tlog
c:\users\admin\desktop\fs project\fsproj\fsproj\debug\fsproj.tlog\link.command.1.tlog
c:\users\admin\desktop\fs project\fsproj\fsproj\debug\fsproj.tlog\link.read.1.tlog
c:\users\admin\desktop\fs project\fsproj\fsproj\debug\fsproj.tlog\link.write.1.tlog
c:\users\admin\desktop\fs project\fsproj\fsproj\debug\fsproj.tlog\metagen.read.1.tlog
c:\users\admin\desktop\fs project\fsproj\fsproj\debug\fsproj.tlog\metagen.write.1.tlog
